<?xml version="1.0" encoding="UTF-8"?>
<testng-results ignored="0" total="1" passed="1" failed="0" skipped="0">
  <reporter-output>
  </reporter-output>
  <suite started-at="2024-08-14T14:33:47 IST" name="Default suite" finished-at="2024-08-14T14:33:47 IST" duration-ms="38">
    <groups>
    </groups>
    <test started-at="2024-08-14T14:33:47 IST" name="Default test" finished-at="2024-08-14T14:33:47 IST" duration-ms="38">
      <class name="Gitpack.Demo1">
        <test-method signature="reverese()[pri:0, instance:Gitpack.Demo1@4944252c]" started-at="2024-08-14T14:33:47 IST" name="reverese" finished-at="2024-08-14T14:33:47 IST" duration-ms="7" status="PASS">
          <reporter-output>
          </reporter-output>
        </test-method> <!-- reverese -->
      </class> <!-- Gitpack.Demo1 -->
    </test> <!-- Default test -->
  </suite> <!-- Default suite -->
</testng-results>
